<?xml version="1.0" encoding="UTF-8"?>
<testsuite xmlns:xsi="http://www.w3.org/2001/XMLSchema-instance" xsi:noNamespaceSchemaLocation="https://maven.apache.org/surefire/maven-surefire-plugin/xsd/surefire-test-report-3.0.xsd" version="3.0" name="com.sap.cloud.security.spring.token.authentication.AuthenticationTokenTest" time="0.976" tests="1" errors="0" skipped="0" failures="0">
  <properties>
    <property name="sun.desktop" value="gnome"/>
    <property name="awt.toolkit" value="sun.awt.X11.XToolkit"/>
    <property name="nondexStart" value="0"/>
    <property name="java.specification.version" value="11"/>
    <property name="sun.cpu.isalist" value=""/>
    <property name="sun.jnu.encoding" value="UTF-8"/>
    <property name="java.class.path" value="/home/akib/develop/USA/UIUC/My repo/cloud-security-xsuaa-integration/spring-security/target/test-classes:/home/akib/develop/USA/UIUC/My repo/cloud-security-xsuaa-integration/spring-security/target/classes:/home/akib/.m2/repository/org/springframework/security/spring-security-oauth2-jose/5.8.2/spring-security-oauth2-jose-5.8.2.jar:/home/akib/.m2/repository/org/springframework/security/spring-security-core/5.8.2/spring-security-core-5.8.2.jar:/home/akib/.m2/repository/org/springframework/security/spring-security-crypto/5.8.2/spring-security-crypto-5.8.2.jar:/home/akib/.m2/repository/org/springframework/spring-aop/5.3.25/spring-aop-5.3.25.jar:/home/akib/.m2/repository/org/springframework/spring-beans/5.3.25/spring-beans-5.3.25.jar:/home/akib/.m2/repository/org/springframework/spring-context/5.3.25/spring-context-5.3.25.jar:/home/akib/.m2/repository/org/springframework/spring-expression/5.3.25/spring-expression-5.3.25.jar:/home/akib/.m2/repository/org/springframework/security/spring-security-oauth2-core/5.8.2/spring-security-oauth2-core-5.8.2.jar:/home/akib/.m2/repository/org/springframework/spring-web/5.3.25/spring-web-5.3.25.jar:/home/akib/.m2/repository/org/springframework/spring-core/5.3.25/spring-core-5.3.25.jar:/home/akib/.m2/repository/org/springframework/spring-jcl/5.3.25/spring-jcl-5.3.25.jar:/home/akib/.m2/repository/com/nimbusds/nimbus-jose-jwt/9.24.4/nimbus-jose-jwt-9.24.4.jar:/home/akib/.m2/repository/com/github/stephenc/jcip/jcip-annotations/1.0-1/jcip-annotations-1.0-1.jar:/home/akib/.m2/repository/org/springframework/security/spring-security-oauth2-resource-server/5.8.2/spring-security-oauth2-resource-server-5.8.2.jar:/home/akib/.m2/repository/org/springframework/security/spring-security-web/5.8.2/spring-security-web-5.8.2.jar:/home/akib/.m2/repository/org/springframework/boot/spring-boot-autoconfigure/2.7.9/spring-boot-autoconfigure-2.7.9.jar:/home/akib/.m2/repository/org/springframework/boot/spring-boot/2.7.9/spring-boot-2.7.9.jar:/home/akib/.m2/repository/com/sap/cloud/security/java-security/2.13.7/java-security-2.13.7.jar:/home/akib/.m2/repository/com/sap/cloud/security/java-api/2.13.7/java-api-2.13.7.jar:/home/akib/.m2/repository/com/sap/cloud/security/env/2.13.7/env-2.13.7.jar:/home/akib/.m2/repository/com/sap/cloud/environment/servicebinding/java-sap-vcap-services/0.5.2/java-sap-vcap-services-0.5.2.jar:/home/akib/.m2/repository/com/sap/cloud/environment/servicebinding/api/java-core-api/0.5.2/java-core-api-0.5.2.jar:/home/akib/.m2/repository/com/sap/cloud/environment/servicebinding/java-sap-service-operator/0.5.2/java-sap-service-operator-0.5.2.jar:/home/akib/.m2/repository/com/sap/cloud/environment/servicebinding/api/java-consumption-api/0.5.2/java-consumption-api-0.5.2.jar:/home/akib/.m2/repository/com/sap/cloud/environment/servicebinding/api/java-access-api/0.5.2/java-access-api-0.5.2.jar:/home/akib/.m2/repository/org/json/json/20230227/json-20230227.jar:/home/akib/.m2/repository/commons-io/commons-io/2.11.0/commons-io-2.11.0.jar:/home/akib/.m2/repository/com/sap/cloud/security/xsuaa/token-client/2.13.7/token-client-2.13.7.jar:/home/akib/.m2/repository/org/slf4j/slf4j-api/1.7.36/slf4j-api-1.7.36.jar:/home/akib/.m2/repository/com/sap/cloud/security/xsuaa/api/2.13.7/api-2.13.7.jar:/home/akib/.m2/repository/com/github/ben-manes/caffeine/caffeine/2.9.3/caffeine-2.9.3.jar:/home/akib/.m2/repository/org/checkerframework/checker-qual/3.19.0/checker-qual-3.19.0.jar:/home/akib/.m2/repository/com/google/errorprone/error_prone_annotations/2.10.0/error_prone_annotations-2.10.0.jar:/home/akib/.m2/repository/org/apache/httpcomponents/httpclient/4.5.14/httpclient-4.5.14.jar:/home/akib/.m2/repository/org/apache/httpcomponents/httpcore/4.4.16/httpcore-4.4.16.jar:/home/akib/.m2/repository/commons-logging/commons-logging/1.2/commons-logging-1.2.jar:/home/akib/.m2/repository/commons-codec/commons-codec/1.15/commons-codec-1.15.jar:/home/akib/.m2/repository/com/github/spotbugs/spotbugs-annotations/4.7.3/spotbugs-annotations-4.7.3.jar:/home/akib/.m2/repository/com/google/code/findbugs/jsr305/3.0.2/jsr305-3.0.2.jar:/home/akib/.m2/repository/org/mockito/mockito-core/3.12.4/mockito-core-3.12.4.jar:/home/akib/.m2/repository/net/bytebuddy/byte-buddy/1.12.23/byte-buddy-1.12.23.jar:/home/akib/.m2/repository/net/bytebuddy/byte-buddy-agent/1.12.23/byte-buddy-agent-1.12.23.jar:/home/akib/.m2/repository/org/objenesis/objenesis/3.2/objenesis-3.2.jar:/home/akib/.m2/repository/com/sap/cloud/security/java-security-test/2.13.7/java-security-test-2.13.7.jar:/home/akib/.m2/repository/junit/junit/4.13.2/junit-4.13.2.jar:/home/akib/.m2/repository/org/hamcrest/hamcrest-core/2.2/hamcrest-core-2.2.jar:/home/akib/.m2/repository/org/junit/jupiter/junit-jupiter-api/5.8.2/junit-jupiter-api-5.8.2.jar:/home/akib/.m2/repository/org/opentest4j/opentest4j/1.2.0/opentest4j-1.2.0.jar:/home/akib/.m2/repository/org/junit/platform/junit-platform-commons/1.8.2/junit-platform-commons-1.8.2.jar:/home/akib/.m2/repository/org/apiguardian/apiguardian-api/1.1.2/apiguardian-api-1.1.2.jar:/home/akib/.m2/repository/org/eclipse/jetty/jetty-server/9.4.50.v20221201/jetty-server-9.4.50.v20221201.jar:/home/akib/.m2/repository/org/eclipse/jetty/jetty-http/9.4.50.v20221201/jetty-http-9.4.50.v20221201.jar:/home/akib/.m2/repository/org/eclipse/jetty/jetty-servlet/9.4.50.v20221201/jetty-servlet-9.4.50.v20221201.jar:/home/akib/.m2/repository/org/eclipse/jetty/jetty-security/9.4.50.v20221201/jetty-security-9.4.50.v20221201.jar:/home/akib/.m2/repository/org/eclipse/jetty/jetty-util-ajax/9.4.50.v20221201/jetty-util-ajax-9.4.50.v20221201.jar:/home/akib/.m2/repository/org/eclipse/jetty/jetty-webapp/9.4.50.v20221201/jetty-webapp-9.4.50.v20221201.jar:/home/akib/.m2/repository/org/eclipse/jetty/jetty-xml/9.4.50.v20221201/jetty-xml-9.4.50.v20221201.jar:/home/akib/.m2/repository/org/eclipse/jetty/jetty-annotations/9.4.50.v20221201/jetty-annotations-9.4.50.v20221201.jar:/home/akib/.m2/repository/org/eclipse/jetty/jetty-plus/9.4.50.v20221201/jetty-plus-9.4.50.v20221201.jar:/home/akib/.m2/repository/org/eclipse/jetty/jetty-jndi/9.4.50.v20221201/jetty-jndi-9.4.50.v20221201.jar:/home/akib/.m2/repository/javax/annotation/javax.annotation-api/1.3.2/javax.annotation-api-1.3.2.jar:/home/akib/.m2/repository/org/ow2/asm/asm/9.4/asm-9.4.jar:/home/akib/.m2/repository/org/ow2/asm/asm-commons/9.4/asm-commons-9.4.jar:/home/akib/.m2/repository/org/ow2/asm/asm-tree/9.4/asm-tree-9.4.jar:/home/akib/.m2/repository/org/eclipse/jetty/jetty-io/9.4.50.v20221201/jetty-io-9.4.50.v20221201.jar:/home/akib/.m2/repository/org/eclipse/jetty/jetty-util/9.4.50.v20221201/jetty-util-9.4.50.v20221201.jar:/home/akib/.m2/repository/com/github/tomakehurst/wiremock-jre8/2.35.0/wiremock-jre8-2.35.0.jar:/home/akib/.m2/repository/org/eclipse/jetty/jetty-servlets/9.4.50.v20221201/jetty-servlets-9.4.50.v20221201.jar:/home/akib/.m2/repository/org/eclipse/jetty/jetty-continuation/9.4.50.v20221201/jetty-continuation-9.4.50.v20221201.jar:/home/akib/.m2/repository/org/eclipse/jetty/jetty-proxy/9.4.50.v20221201/jetty-proxy-9.4.50.v20221201.jar:/home/akib/.m2/repository/org/eclipse/jetty/jetty-client/9.4.50.v20221201/jetty-client-9.4.50.v20221201.jar:/home/akib/.m2/repository/org/eclipse/jetty/http2/http2-server/9.4.50.v20221201/http2-server-9.4.50.v20221201.jar:/home/akib/.m2/repository/org/eclipse/jetty/http2/http2-common/9.4.50.v20221201/http2-common-9.4.50.v20221201.jar:/home/akib/.m2/repository/org/eclipse/jetty/http2/http2-hpack/9.4.50.v20221201/http2-hpack-9.4.50.v20221201.jar:/home/akib/.m2/repository/org/eclipse/jetty/jetty-alpn-server/9.4.50.v20221201/jetty-alpn-server-9.4.50.v20221201.jar:/home/akib/.m2/repository/org/eclipse/jetty/jetty-alpn-java-server/9.4.50.v20221201/jetty-alpn-java-server-9.4.50.v20221201.jar:/home/akib/.m2/repository/org/eclipse/jetty/jetty-alpn-openjdk8-server/9.4.50.v20221201/jetty-alpn-openjdk8-server-9.4.50.v20221201.jar:/home/akib/.m2/repository/org/eclipse/jetty/jetty-alpn-java-client/9.4.50.v20221201/jetty-alpn-java-client-9.4.50.v20221201.jar:/home/akib/.m2/repository/org/eclipse/jetty/jetty-alpn-client/9.4.50.v20221201/jetty-alpn-client-9.4.50.v20221201.jar:/home/akib/.m2/repository/org/eclipse/jetty/jetty-alpn-openjdk8-client/9.4.50.v20221201/jetty-alpn-openjdk8-client-9.4.50.v20221201.jar:/home/akib/.m2/repository/com/google/guava/guava/31.1-jre/guava-31.1-jre.jar:/home/akib/.m2/repository/com/google/guava/failureaccess/1.0.1/failureaccess-1.0.1.jar:/home/akib/.m2/repository/com/google/guava/listenablefuture/9999.0-empty-to-avoid-conflict-with-guava/listenablefuture-9999.0-empty-to-avoid-conflict-with-guava.jar:/home/akib/.m2/repository/com/google/j2objc/j2objc-annotations/1.3/j2objc-annotations-1.3.jar:/home/akib/.m2/repository/com/fasterxml/jackson/core/jackson-core/2.13.5/jackson-core-2.13.5.jar:/home/akib/.m2/repository/com/fasterxml/jackson/core/jackson-annotations/2.13.5/jackson-annotations-2.13.5.jar:/home/akib/.m2/repository/com/fasterxml/jackson/core/jackson-databind/2.13.5/jackson-databind-2.13.5.jar:/home/akib/.m2/repository/org/apache/httpcomponents/client5/httpclient5/5.1.4/httpclient5-5.1.4.jar:/home/akib/.m2/repository/org/apache/httpcomponents/core5/httpcore5/5.1.5/httpcore5-5.1.5.jar:/home/akib/.m2/repository/org/apache/httpcomponents/core5/httpcore5-h2/5.1.5/httpcore5-h2-5.1.5.jar:/home/akib/.m2/repository/org/xmlunit/xmlunit-legacy/2.9.1/xmlunit-legacy-2.9.1.jar:/home/akib/.m2/repository/org/xmlunit/xmlunit-placeholders/2.9.1/xmlunit-placeholders-2.9.1.jar:/home/akib/.m2/repository/net/javacrumbs/json-unit/json-unit-core/2.36.0/json-unit-core-2.36.0.jar:/home/akib/.m2/repository/net/sf/jopt-simple/jopt-simple/5.0.4/jopt-simple-5.0.4.jar:/home/akib/.m2/repository/org/apache/commons/commons-lang3/3.12.0/commons-lang3-3.12.0.jar:/home/akib/.m2/repository/com/github/jknack/handlebars/4.3.1/handlebars-4.3.1.jar:/home/akib/.m2/repository/com/github/jknack/handlebars-helpers/4.3.1/handlebars-helpers-4.3.1.jar:/home/akib/.m2/repository/commons-fileupload/commons-fileupload/1.4/commons-fileupload-1.4.jar:/home/akib/.m2/repository/org/springframework/boot/spring-boot-starter-test/2.7.9/spring-boot-starter-test-2.7.9.jar:/home/akib/.m2/repository/org/springframework/boot/spring-boot-starter/2.7.9/spring-boot-starter-2.7.9.jar:/home/akib/.m2/repository/org/springframework/boot/spring-boot-starter-logging/2.7.9/spring-boot-starter-logging-2.7.9.jar:/home/akib/.m2/repository/ch/qos/logback/logback-classic/1.2.11/logback-classic-1.2.11.jar:/home/akib/.m2/repository/ch/qos/logback/logback-core/1.2.11/logback-core-1.2.11.jar:/home/akib/.m2/repository/org/apache/logging/log4j/log4j-to-slf4j/2.19.0/log4j-to-slf4j-2.19.0.jar:/home/akib/.m2/repository/org/apache/logging/log4j/log4j-api/2.19.0/log4j-api-2.19.0.jar:/home/akib/.m2/repository/org/slf4j/jul-to-slf4j/1.7.36/jul-to-slf4j-1.7.36.jar:/home/akib/.m2/repository/org/yaml/snakeyaml/1.30/snakeyaml-1.30.jar:/home/akib/.m2/repository/org/springframework/boot/spring-boot-test/2.7.9/spring-boot-test-2.7.9.jar:/home/akib/.m2/repository/org/springframework/boot/spring-boot-test-autoconfigure/2.7.9/spring-boot-test-autoconfigure-2.7.9.jar:/home/akib/.m2/repository/com/jayway/jsonpath/json-path/2.7.0/json-path-2.7.0.jar:/home/akib/.m2/repository/net/minidev/json-smart/2.4.8/json-smart-2.4.8.jar:/home/akib/.m2/repository/net/minidev/accessors-smart/2.4.8/accessors-smart-2.4.8.jar:/home/akib/.m2/repository/jakarta/xml/bind/jakarta.xml.bind-api/2.3.3/jakarta.xml.bind-api-2.3.3.jar:/home/akib/.m2/repository/jakarta/activation/jakarta.activation-api/1.2.2/jakarta.activation-api-1.2.2.jar:/home/akib/.m2/repository/org/assertj/assertj-core/3.24.2/assertj-core-3.24.2.jar:/home/akib/.m2/repository/org/hamcrest/hamcrest/2.2/hamcrest-2.2.jar:/home/akib/.m2/repository/org/junit/jupiter/junit-jupiter/5.8.2/junit-jupiter-5.8.2.jar:/home/akib/.m2/repository/org/junit/jupiter/junit-jupiter-params/5.8.2/junit-jupiter-params-5.8.2.jar:/home/akib/.m2/repository/org/junit/jupiter/junit-jupiter-engine/5.8.2/junit-jupiter-engine-5.8.2.jar:/home/akib/.m2/repository/org/junit/platform/junit-platform-engine/1.8.2/junit-platform-engine-1.8.2.jar:/home/akib/.m2/repository/org/mockito/mockito-junit-jupiter/4.5.1/mockito-junit-jupiter-4.5.1.jar:/home/akib/.m2/repository/org/skyscreamer/jsonassert/1.5.1/jsonassert-1.5.1.jar:/home/akib/.m2/repository/com/vaadin/external/google/android-json/0.0.20131108.vaadin1/android-json-0.0.20131108.vaadin1.jar:/home/akib/.m2/repository/org/springframework/spring-test/5.3.25/spring-test-5.3.25.jar:/home/akib/.m2/repository/org/xmlunit/xmlunit-core/2.9.1/xmlunit-core-2.9.1.jar:/home/akib/.m2/repository/org/springframework/boot/spring-boot-starter-tomcat/2.7.9/spring-boot-starter-tomcat-2.7.9.jar:/home/akib/.m2/repository/jakarta/annotation/jakarta.annotation-api/1.3.5/jakarta.annotation-api-1.3.5.jar:/home/akib/.m2/repository/org/apache/tomcat/embed/tomcat-embed-core/9.0.71/tomcat-embed-core-9.0.71.jar:/home/akib/.m2/repository/org/apache/tomcat/embed/tomcat-embed-el/9.0.71/tomcat-embed-el-9.0.71.jar:/home/akib/.m2/repository/org/apache/tomcat/embed/tomcat-embed-websocket/9.0.71/tomcat-embed-websocket-9.0.71.jar:"/>
    <property name="java.vm.vendor" value="Ubuntu"/>
    <property name="nondexPrintstack" value="false"/>
    <property name="sun.arch.data.model" value="64"/>
    <property name="java.vendor.url" value="https://ubuntu.com/"/>
    <property name="nondexRuns" value="10"/>
    <property name="user.timezone" value="Asia/Dhaka"/>
    <property name="os.name" value="Linux"/>
    <property name="java.vm.specification.version" value="11"/>
    <property name="user.country" value="US"/>
    <property name="sun.java.launcher" value="SUN_STANDARD"/>
    <property name="sun.boot.library.path" value="/usr/lib/jvm/java-11-openjdk-amd64/lib"/>
    <property name="sun.java.command" value="/home/akib/develop/USA/UIUC/My repo/cloud-security-xsuaa-integration/spring-security/target/surefire/surefirebooter-20230322205527460_35.jar /home/akib/develop/USA/UIUC/My repo/cloud-security-xsuaa-integration/spring-security/target/surefire 2023-03-22T20-55-27_188-jvmRun1 surefire-20230322205527460_33tmp surefire_8-20230322205527460_34tmp"/>
    <property name="nondexLogging" value="CONFIG"/>
    <property name="jdk.debug" value="release"/>
    <property name="surefire.test.class.path" value="/home/akib/develop/USA/UIUC/My repo/cloud-security-xsuaa-integration/spring-security/target/test-classes:/home/akib/develop/USA/UIUC/My repo/cloud-security-xsuaa-integration/spring-security/target/classes:/home/akib/.m2/repository/org/springframework/security/spring-security-oauth2-jose/5.8.2/spring-security-oauth2-jose-5.8.2.jar:/home/akib/.m2/repository/org/springframework/security/spring-security-core/5.8.2/spring-security-core-5.8.2.jar:/home/akib/.m2/repository/org/springframework/security/spring-security-crypto/5.8.2/spring-security-crypto-5.8.2.jar:/home/akib/.m2/repository/org/springframework/spring-aop/5.3.25/spring-aop-5.3.25.jar:/home/akib/.m2/repository/org/springframework/spring-beans/5.3.25/spring-beans-5.3.25.jar:/home/akib/.m2/repository/org/springframework/spring-context/5.3.25/spring-context-5.3.25.jar:/home/akib/.m2/repository/org/springframework/spring-expression/5.3.25/spring-expression-5.3.25.jar:/home/akib/.m2/repository/org/springframework/security/spring-security-oauth2-core/5.8.2/spring-security-oauth2-core-5.8.2.jar:/home/akib/.m2/repository/org/springframework/spring-web/5.3.25/spring-web-5.3.25.jar:/home/akib/.m2/repository/org/springframework/spring-core/5.3.25/spring-core-5.3.25.jar:/home/akib/.m2/repository/org/springframework/spring-jcl/5.3.25/spring-jcl-5.3.25.jar:/home/akib/.m2/repository/com/nimbusds/nimbus-jose-jwt/9.24.4/nimbus-jose-jwt-9.24.4.jar:/home/akib/.m2/repository/com/github/stephenc/jcip/jcip-annotations/1.0-1/jcip-annotations-1.0-1.jar:/home/akib/.m2/repository/org/springframework/security/spring-security-oauth2-resource-server/5.8.2/spring-security-oauth2-resource-server-5.8.2.jar:/home/akib/.m2/repository/org/springframework/security/spring-security-web/5.8.2/spring-security-web-5.8.2.jar:/home/akib/.m2/repository/org/springframework/boot/spring-boot-autoconfigure/2.7.9/spring-boot-autoconfigure-2.7.9.jar:/home/akib/.m2/repository/org/springframework/boot/spring-boot/2.7.9/spring-boot-2.7.9.jar:/home/akib/.m2/repository/com/sap/cloud/security/java-security/2.13.7/java-security-2.13.7.jar:/home/akib/.m2/repository/com/sap/cloud/security/java-api/2.13.7/java-api-2.13.7.jar:/home/akib/.m2/repository/com/sap/cloud/security/env/2.13.7/env-2.13.7.jar:/home/akib/.m2/repository/com/sap/cloud/environment/servicebinding/java-sap-vcap-services/0.5.2/java-sap-vcap-services-0.5.2.jar:/home/akib/.m2/repository/com/sap/cloud/environment/servicebinding/api/java-core-api/0.5.2/java-core-api-0.5.2.jar:/home/akib/.m2/repository/com/sap/cloud/environment/servicebinding/java-sap-service-operator/0.5.2/java-sap-service-operator-0.5.2.jar:/home/akib/.m2/repository/com/sap/cloud/environment/servicebinding/api/java-consumption-api/0.5.2/java-consumption-api-0.5.2.jar:/home/akib/.m2/repository/com/sap/cloud/environment/servicebinding/api/java-access-api/0.5.2/java-access-api-0.5.2.jar:/home/akib/.m2/repository/org/json/json/20230227/json-20230227.jar:/home/akib/.m2/repository/commons-io/commons-io/2.11.0/commons-io-2.11.0.jar:/home/akib/.m2/repository/com/sap/cloud/security/xsuaa/token-client/2.13.7/token-client-2.13.7.jar:/home/akib/.m2/repository/org/slf4j/slf4j-api/1.7.36/slf4j-api-1.7.36.jar:/home/akib/.m2/repository/com/sap/cloud/security/xsuaa/api/2.13.7/api-2.13.7.jar:/home/akib/.m2/repository/com/github/ben-manes/caffeine/caffeine/2.9.3/caffeine-2.9.3.jar:/home/akib/.m2/repository/org/checkerframework/checker-qual/3.19.0/checker-qual-3.19.0.jar:/home/akib/.m2/repository/com/google/errorprone/error_prone_annotations/2.10.0/error_prone_annotations-2.10.0.jar:/home/akib/.m2/repository/org/apache/httpcomponents/httpclient/4.5.14/httpclient-4.5.14.jar:/home/akib/.m2/repository/org/apache/httpcomponents/httpcore/4.4.16/httpcore-4.4.16.jar:/home/akib/.m2/repository/commons-logging/commons-logging/1.2/commons-logging-1.2.jar:/home/akib/.m2/repository/commons-codec/commons-codec/1.15/commons-codec-1.15.jar:/home/akib/.m2/repository/com/github/spotbugs/spotbugs-annotations/4.7.3/spotbugs-annotations-4.7.3.jar:/home/akib/.m2/repository/com/google/code/findbugs/jsr305/3.0.2/jsr305-3.0.2.jar:/home/akib/.m2/repository/org/mockito/mockito-core/3.12.4/mockito-core-3.12.4.jar:/home/akib/.m2/repository/net/bytebuddy/byte-buddy/1.12.23/byte-buddy-1.12.23.jar:/home/akib/.m2/repository/net/bytebuddy/byte-buddy-agent/1.12.23/byte-buddy-agent-1.12.23.jar:/home/akib/.m2/repository/org/objenesis/objenesis/3.2/objenesis-3.2.jar:/home/akib/.m2/repository/com/sap/cloud/security/java-security-test/2.13.7/java-security-test-2.13.7.jar:/home/akib/.m2/repository/junit/junit/4.13.2/junit-4.13.2.jar:/home/akib/.m2/repository/org/hamcrest/hamcrest-core/2.2/hamcrest-core-2.2.jar:/home/akib/.m2/repository/org/junit/jupiter/junit-jupiter-api/5.8.2/junit-jupiter-api-5.8.2.jar:/home/akib/.m2/repository/org/opentest4j/opentest4j/1.2.0/opentest4j-1.2.0.jar:/home/akib/.m2/repository/org/junit/platform/junit-platform-commons/1.8.2/junit-platform-commons-1.8.2.jar:/home/akib/.m2/repository/org/apiguardian/apiguardian-api/1.1.2/apiguardian-api-1.1.2.jar:/home/akib/.m2/repository/org/eclipse/jetty/jetty-server/9.4.50.v20221201/jetty-server-9.4.50.v20221201.jar:/home/akib/.m2/repository/org/eclipse/jetty/jetty-http/9.4.50.v20221201/jetty-http-9.4.50.v20221201.jar:/home/akib/.m2/repository/org/eclipse/jetty/jetty-servlet/9.4.50.v20221201/jetty-servlet-9.4.50.v20221201.jar:/home/akib/.m2/repository/org/eclipse/jetty/jetty-security/9.4.50.v20221201/jetty-security-9.4.50.v20221201.jar:/home/akib/.m2/repository/org/eclipse/jetty/jetty-util-ajax/9.4.50.v20221201/jetty-util-ajax-9.4.50.v20221201.jar:/home/akib/.m2/repository/org/eclipse/jetty/jetty-webapp/9.4.50.v20221201/jetty-webapp-9.4.50.v20221201.jar:/home/akib/.m2/repository/org/eclipse/jetty/jetty-xml/9.4.50.v20221201/jetty-xml-9.4.50.v20221201.jar:/home/akib/.m2/repository/org/eclipse/jetty/jetty-annotations/9.4.50.v20221201/jetty-annotations-9.4.50.v20221201.jar:/home/akib/.m2/repository/org/eclipse/jetty/jetty-plus/9.4.50.v20221201/jetty-plus-9.4.50.v20221201.jar:/home/akib/.m2/repository/org/eclipse/jetty/jetty-jndi/9.4.50.v20221201/jetty-jndi-9.4.50.v20221201.jar:/home/akib/.m2/repository/javax/annotation/javax.annotation-api/1.3.2/javax.annotation-api-1.3.2.jar:/home/akib/.m2/repository/org/ow2/asm/asm/9.4/asm-9.4.jar:/home/akib/.m2/repository/org/ow2/asm/asm-commons/9.4/asm-commons-9.4.jar:/home/akib/.m2/repository/org/ow2/asm/asm-tree/9.4/asm-tree-9.4.jar:/home/akib/.m2/repository/org/eclipse/jetty/jetty-io/9.4.50.v20221201/jetty-io-9.4.50.v20221201.jar:/home/akib/.m2/repository/org/eclipse/jetty/jetty-util/9.4.50.v20221201/jetty-util-9.4.50.v20221201.jar:/home/akib/.m2/repository/com/github/tomakehurst/wiremock-jre8/2.35.0/wiremock-jre8-2.35.0.jar:/home/akib/.m2/repository/org/eclipse/jetty/jetty-servlets/9.4.50.v20221201/jetty-servlets-9.4.50.v20221201.jar:/home/akib/.m2/repository/org/eclipse/jetty/jetty-continuation/9.4.50.v20221201/jetty-continuation-9.4.50.v20221201.jar:/home/akib/.m2/repository/org/eclipse/jetty/jetty-proxy/9.4.50.v20221201/jetty-proxy-9.4.50.v20221201.jar:/home/akib/.m2/repository/org/eclipse/jetty/jetty-client/9.4.50.v20221201/jetty-client-9.4.50.v20221201.jar:/home/akib/.m2/repository/org/eclipse/jetty/http2/http2-server/9.4.50.v20221201/http2-server-9.4.50.v20221201.jar:/home/akib/.m2/repository/org/eclipse/jetty/http2/http2-common/9.4.50.v20221201/http2-common-9.4.50.v20221201.jar:/home/akib/.m2/repository/org/eclipse/jetty/http2/http2-hpack/9.4.50.v20221201/http2-hpack-9.4.50.v20221201.jar:/home/akib/.m2/repository/org/eclipse/jetty/jetty-alpn-server/9.4.50.v20221201/jetty-alpn-server-9.4.50.v20221201.jar:/home/akib/.m2/repository/org/eclipse/jetty/jetty-alpn-java-server/9.4.50.v20221201/jetty-alpn-java-server-9.4.50.v20221201.jar:/home/akib/.m2/repository/org/eclipse/jetty/jetty-alpn-openjdk8-server/9.4.50.v20221201/jetty-alpn-openjdk8-server-9.4.50.v20221201.jar:/home/akib/.m2/repository/org/eclipse/jetty/jetty-alpn-java-client/9.4.50.v20221201/jetty-alpn-java-client-9.4.50.v20221201.jar:/home/akib/.m2/repository/org/eclipse/jetty/jetty-alpn-client/9.4.50.v20221201/jetty-alpn-client-9.4.50.v20221201.jar:/home/akib/.m2/repository/org/eclipse/jetty/jetty-alpn-openjdk8-client/9.4.50.v20221201/jetty-alpn-openjdk8-client-9.4.50.v20221201.jar:/home/akib/.m2/repository/com/google/guava/guava/31.1-jre/guava-31.1-jre.jar:/home/akib/.m2/repository/com/google/guava/failureaccess/1.0.1/failureaccess-1.0.1.jar:/home/akib/.m2/repository/com/google/guava/listenablefuture/9999.0-empty-to-avoid-conflict-with-guava/listenablefuture-9999.0-empty-to-avoid-conflict-with-guava.jar:/home/akib/.m2/repository/com/google/j2objc/j2objc-annotations/1.3/j2objc-annotations-1.3.jar:/home/akib/.m2/repository/com/fasterxml/jackson/core/jackson-core/2.13.5/jackson-core-2.13.5.jar:/home/akib/.m2/repository/com/fasterxml/jackson/core/jackson-annotations/2.13.5/jackson-annotations-2.13.5.jar:/home/akib/.m2/repository/com/fasterxml/jackson/core/jackson-databind/2.13.5/jackson-databind-2.13.5.jar:/home/akib/.m2/repository/org/apache/httpcomponents/client5/httpclient5/5.1.4/httpclient5-5.1.4.jar:/home/akib/.m2/repository/org/apache/httpcomponents/core5/httpcore5/5.1.5/httpcore5-5.1.5.jar:/home/akib/.m2/repository/org/apache/httpcomponents/core5/httpcore5-h2/5.1.5/httpcore5-h2-5.1.5.jar:/home/akib/.m2/repository/org/xmlunit/xmlunit-legacy/2.9.1/xmlunit-legacy-2.9.1.jar:/home/akib/.m2/repository/org/xmlunit/xmlunit-placeholders/2.9.1/xmlunit-placeholders-2.9.1.jar:/home/akib/.m2/repository/net/javacrumbs/json-unit/json-unit-core/2.36.0/json-unit-core-2.36.0.jar:/home/akib/.m2/repository/net/sf/jopt-simple/jopt-simple/5.0.4/jopt-simple-5.0.4.jar:/home/akib/.m2/repository/org/apache/commons/commons-lang3/3.12.0/commons-lang3-3.12.0.jar:/home/akib/.m2/repository/com/github/jknack/handlebars/4.3.1/handlebars-4.3.1.jar:/home/akib/.m2/repository/com/github/jknack/handlebars-helpers/4.3.1/handlebars-helpers-4.3.1.jar:/home/akib/.m2/repository/commons-fileupload/commons-fileupload/1.4/commons-fileupload-1.4.jar:/home/akib/.m2/repository/org/springframework/boot/spring-boot-starter-test/2.7.9/spring-boot-starter-test-2.7.9.jar:/home/akib/.m2/repository/org/springframework/boot/spring-boot-starter/2.7.9/spring-boot-starter-2.7.9.jar:/home/akib/.m2/repository/org/springframework/boot/spring-boot-starter-logging/2.7.9/spring-boot-starter-logging-2.7.9.jar:/home/akib/.m2/repository/ch/qos/logback/logback-classic/1.2.11/logback-classic-1.2.11.jar:/home/akib/.m2/repository/ch/qos/logback/logback-core/1.2.11/logback-core-1.2.11.jar:/home/akib/.m2/repository/org/apache/logging/log4j/log4j-to-slf4j/2.19.0/log4j-to-slf4j-2.19.0.jar:/home/akib/.m2/repository/org/apache/logging/log4j/log4j-api/2.19.0/log4j-api-2.19.0.jar:/home/akib/.m2/repository/org/slf4j/jul-to-slf4j/1.7.36/jul-to-slf4j-1.7.36.jar:/home/akib/.m2/repository/org/yaml/snakeyaml/1.30/snakeyaml-1.30.jar:/home/akib/.m2/repository/org/springframework/boot/spring-boot-test/2.7.9/spring-boot-test-2.7.9.jar:/home/akib/.m2/repository/org/springframework/boot/spring-boot-test-autoconfigure/2.7.9/spring-boot-test-autoconfigure-2.7.9.jar:/home/akib/.m2/repository/com/jayway/jsonpath/json-path/2.7.0/json-path-2.7.0.jar:/home/akib/.m2/repository/net/minidev/json-smart/2.4.8/json-smart-2.4.8.jar:/home/akib/.m2/repository/net/minidev/accessors-smart/2.4.8/accessors-smart-2.4.8.jar:/home/akib/.m2/repository/jakarta/xml/bind/jakarta.xml.bind-api/2.3.3/jakarta.xml.bind-api-2.3.3.jar:/home/akib/.m2/repository/jakarta/activation/jakarta.activation-api/1.2.2/jakarta.activation-api-1.2.2.jar:/home/akib/.m2/repository/org/assertj/assertj-core/3.24.2/assertj-core-3.24.2.jar:/home/akib/.m2/repository/org/hamcrest/hamcrest/2.2/hamcrest-2.2.jar:/home/akib/.m2/repository/org/junit/jupiter/junit-jupiter/5.8.2/junit-jupiter-5.8.2.jar:/home/akib/.m2/repository/org/junit/jupiter/junit-jupiter-params/5.8.2/junit-jupiter-params-5.8.2.jar:/home/akib/.m2/repository/org/junit/jupiter/junit-jupiter-engine/5.8.2/junit-jupiter-engine-5.8.2.jar:/home/akib/.m2/repository/org/junit/platform/junit-platform-engine/1.8.2/junit-platform-engine-1.8.2.jar:/home/akib/.m2/repository/org/mockito/mockito-junit-jupiter/4.5.1/mockito-junit-jupiter-4.5.1.jar:/home/akib/.m2/repository/org/skyscreamer/jsonassert/1.5.1/jsonassert-1.5.1.jar:/home/akib/.m2/repository/com/vaadin/external/google/android-json/0.0.20131108.vaadin1/android-json-0.0.20131108.vaadin1.jar:/home/akib/.m2/repository/org/springframework/spring-test/5.3.25/spring-test-5.3.25.jar:/home/akib/.m2/repository/org/xmlunit/xmlunit-core/2.9.1/xmlunit-core-2.9.1.jar:/home/akib/.m2/repository/org/springframework/boot/spring-boot-starter-tomcat/2.7.9/spring-boot-starter-tomcat-2.7.9.jar:/home/akib/.m2/repository/jakarta/annotation/jakarta.annotation-api/1.3.5/jakarta.annotation-api-1.3.5.jar:/home/akib/.m2/repository/org/apache/tomcat/embed/tomcat-embed-core/9.0.71/tomcat-embed-core-9.0.71.jar:/home/akib/.m2/repository/org/apache/tomcat/embed/tomcat-embed-el/9.0.71/tomcat-embed-el-9.0.71.jar:/home/akib/.m2/repository/org/apache/tomcat/embed/tomcat-embed-websocket/9.0.71/tomcat-embed-websocket-9.0.71.jar:"/>
    <property name="test" value="com.sap.cloud.security.spring.token.authentication.AuthenticationTokenTest#equals"/>
    <property name="nondexExecid" value="tvmwzxrLwqoo7BB06kwP4MVkYoyfrPHKBQtlwMFFTc="/>
    <property name="sun.cpu.endian" value="little"/>
    <property name="user.home" value="/home/akib"/>
    <property name="user.language" value="en"/>
    <property name="java.specification.vendor" value="Oracle Corporation"/>
    <property name="java.version.date" value="2023-01-17"/>
    <property name="java.home" value="/usr/lib/jvm/java-11-openjdk-amd64"/>
    <property name="basedir" value="/home/akib/develop/USA/UIUC/My repo/cloud-security-xsuaa-integration/spring-security"/>
    <property name="file.separator" value="/"/>
    <property name="java.vm.compressedOopsMode" value="Zero based"/>
    <property name="line.separator" value="&#10;"/>
    <property name="nondexEnd" value="9223372036854775807"/>
    <property name="java.vm.specification.vendor" value="Oracle Corporation"/>
    <property name="java.specification.name" value="Java Platform API Specification"/>
    <property name="java.awt.graphicsenv" value="sun.awt.X11GraphicsEnvironment"/>
    <property name="nondexFilter" value=".*"/>
    <property name="nondexSeed" value="1223286"/>
    <property name="surefire.real.class.path" value="/home/akib/develop/USA/UIUC/My repo/cloud-security-xsuaa-integration/spring-security/target/surefire/surefirebooter-20230322205527460_35.jar"/>
    <property name="sun.management.compiler" value="HotSpot 64-Bit Tiered Compilers"/>
    <property name="java.runtime.version" value="11.0.18+10-post-Ubuntu-0ubuntu122.04"/>
    <property name="user.name" value="akib"/>
    <property name="path.separator" value=":"/>
    <property name="os.version" value="5.19.0-35-generic"/>
    <property name="java.runtime.name" value="OpenJDK Runtime Environment"/>
    <property name="file.encoding" value="UTF-8"/>
    <property name="java.vm.name" value="OpenJDK 64-Bit Server VM"/>
    <property name="localRepository" value="/home/akib/.m2/repository"/>
    <property name="nondexDir" value="/home/akib/develop/USA/UIUC/My repo/cloud-security-xsuaa-integration/spring-security/.nondex"/>
    <property name="java.vendor.url.bug" value="https://bugs.launchpad.net/ubuntu/+source/openjdk-lts"/>
    <property name="nondexJarDir" value="/home/akib/develop/USA/UIUC/My repo/cloud-security-xsuaa-integration/spring-security/.nondex"/>
    <property name="java.io.tmpdir" value="/tmp"/>
    <property name="java.version" value="11.0.18"/>
    <property name="user.dir" value="/home/akib/develop/USA/UIUC/My repo/cloud-security-xsuaa-integration/spring-security"/>
    <property name="os.arch" value="amd64"/>
    <property name="nondexMode" value="FULL"/>
    <property name="java.vm.specification.name" value="Java Virtual Machine Specification"/>
    <property name="java.awt.printerjob" value="sun.print.PSPrinterJob"/>
    <property name="sun.os.patch.level" value="unknown"/>
    <property name="java.library.path" value="/usr/java/packages/lib:/usr/lib/x86_64-linux-gnu/jni:/lib/x86_64-linux-gnu:/usr/lib/x86_64-linux-gnu:/usr/lib/jni:/lib:/usr/lib"/>
    <property name="java.vm.info" value="mixed mode"/>
    <property name="java.vendor" value="Ubuntu"/>
    <property name="java.vm.version" value="11.0.18+10-post-Ubuntu-0ubuntu122.04"/>
    <property name="sun.io.unicode.encoding" value="UnicodeLittle"/>
    <property name="java.class.version" value="55.0"/>
  </properties>
  <testcase name="equals" classname="com.sap.cloud.security.spring.token.authentication.AuthenticationTokenTest" time="0.568">
    <system-out><![CDATA[20:55:44.450 [main] INFO com.sap.cloud.security.token.Token - loaded TokenFactory service providers: [com.sap.cloud.security.servlet.HybridTokenFactory@469d003c]
20:55:44.461 [main] DEBUG com.sap.cloud.security.xsuaa.jwt.Base64JwtDecoder$DecodedJwtImpl - Jwt header
	{"alg":"RS256","kid":"default-kid-ias"}
Jwt payload
	{"scim_id":"the-user-id","azp":"theClientId","cid":"theClientId","aud":"theClientId","user_uuid":"the-user-id","zone_uuid":"the-zone-id","exp":6974013600}

20:55:44.471 [main] DEBUG com.sap.cloud.security.xsuaa.jwt.Base64JwtDecoder$DecodedJwtImpl - Jwt header
	{"kid":"default-kid-ias","alg":"RS256"}
Jwt payload
	{"zone_uuid":"the-zone-id","user_uuid":"the-user-id","azp":"theClientId","aud":"theClientId","exp":6974013600,"cid":"theClientId","scim_id":"the-user-id"}

20:55:44.477 [main] DEBUG com.sap.cloud.security.xsuaa.jwt.Base64JwtDecoder$DecodedJwtImpl - Jwt header
	{"alg":"RS256","kid":"default-kid-ias"}
Jwt payload
	{"scim_id":"the-user-id","azp":"theClientId","cid":"theClientId","aud":"theClientId","user_uuid":"the-user-id","zone_uuid":"the-zone-id","exp":6974013600}

20:55:44.478 [main] DEBUG com.sap.cloud.security.xsuaa.jwt.Base64JwtDecoder$DecodedJwtImpl - Jwt header
	{"alg":"RS256","kid":"default-kid-ias"}
Jwt payload
	{"scim_id":"the-user-id","azp":"theClientId","cid":"theClientId","aud":"theClientId","user_uuid":"the-user-id","zone_uuid":"the-zone-id","exp":6974013600}

--------------------------------------1
20:55:44.484 [main] DEBUG com.sap.cloud.security.xsuaa.jwt.Base64JwtDecoder$DecodedJwtImpl - Jwt header
	{"kid":"default-kid-ias","alg":"RS256"}
Jwt payload
	{"zone_uuid":"the-zone-id","user_uuid":"the-user-id","azp":"theClientId","aud":"theClientId","exp":6974013600,"cid":"theClientId","scim_id":"the-user-id"}

--------------------------------------4
Jwt header
	{"alg":"RS256","kid":"default-kid-ias"}
Jwt payload
	{"scim_id":"the-user-id","azp":"theClientId","cid":"theClientId","aud":"theClientId","user_uuid":"the-user-id","zone_uuid":"the-zone-id","exp":6974013600}

Jwt header
	{"kid":"default-kid-ias","alg":"RS256"}
Jwt payload
	{"zone_uuid":"the-zone-id","user_uuid":"the-user-id","azp":"theClientId","aud":"theClientId","exp":6974013600,"cid":"theClientId","scim_id":"the-user-id"}

20:55:44.486 [main] DEBUG com.sap.cloud.security.xsuaa.jwt.Base64JwtDecoder$DecodedJwtImpl - Jwt header
	{"alg":"RS256","kid":"default-kid-ias"}
Jwt payload
	{"scim_id":"the-user-id","azp":"theClientId","cid":"theClientId","aud":"theClientId","user_uuid":"the-user-id","zone_uuid":"the-zone-id","exp":6974013600}

20:55:44.487 [main] DEBUG com.sap.cloud.security.xsuaa.jwt.Base64JwtDecoder$DecodedJwtImpl - Jwt header
	{"kid":"default-kid-ias","alg":"RS256"}
Jwt payload
	{"zone_uuid":"the-zone-id","user_uuid":"the-user-id","azp":"theClientId","aud":"theClientId","exp":6974013600,"cid":"theClientId","scim_id":"the-user-id"}

--------------------------------------4
Jwt header
	{"alg":"RS256","kid":"default-kid-ias"}
Jwt payload
	{"scim_id":"the-user-id","azp":"theClientId","cid":"theClientId","aud":"theClientId","user_uuid":"the-user-id","zone_uuid":"the-zone-id","exp":6974013600}

Jwt header
	{"kid":"default-kid-ias","alg":"RS256"}
Jwt payload
	{"zone_uuid":"the-zone-id","user_uuid":"the-user-id","azp":"theClientId","aud":"theClientId","exp":6974013600,"cid":"theClientId","scim_id":"the-user-id"}

20:55:44.488 [main] DEBUG com.sap.cloud.security.xsuaa.jwt.Base64JwtDecoder$DecodedJwtImpl - Jwt header
	{"alg":"RS256","kid":"default-kid-ias"}
Jwt payload
	{"scim_id":"the-user-id","azp":"theClientId","cid":"theClientId","aud":"theClientId","user_uuid":"the-user-id","zone_uuid":"the-zone-id","exp":6974013600}

--------------------------------------1
]]></system-out>
  </testcase>
</testsuite>